


ARM Macro Assembler    Page 1 


    1 00000000         ;******************** (C) COPYRIGHT 2015 STMicroelectron
                       ics ********************
    2 00000000         ;* File Name          : startup_stm32f334x8.s
    3 00000000         ;* Author             : MCD Application Team
    4 00000000         ;* Version            : V1.2.2
    5 00000000         ;* Date               : 27-February-2015
    6 00000000         ;* Description        : STM32F334 devices vector table f
                       or MDK-ARM toolchain. 
    7 00000000         ;*                      This module performs:
    8 00000000         ;*                      - Set the initial SP
    9 00000000         ;*                      - Set the initial PC == Reset_Ha
                       ndler
   10 00000000         ;*                      - Set the vector table entries w
                       ith the exceptions ISR address
   11 00000000         ;*                      - Branches to __main in the C li
                       brary (which eventually
   12 00000000         ;*                        calls main()).
   13 00000000         ;*                      After Reset the CortexM4 process
                       or is in Thread mode,
   14 00000000         ;*                      priority is Privileged, and the 
                       Stack is set to Main.
   15 00000000         ;* <<< Use Configuration Wizard in Context Menu >>>   
   16 00000000         ;*******************************************************
                       ************************
   17 00000000         ; 
   18 00000000         ; Licensed under MCD-ST Liberty SW License Agreement V2,
                        (the "License");
   19 00000000         ; You may not use this file except in compliance with th
                       e License.
   20 00000000         ; You may obtain a copy of the License at:
   21 00000000         ; 
   22 00000000         ;        http://www.st.com/software_license_agreement_li
                       berty_v2
   23 00000000         ; 
   24 00000000         ; Unless required by applicable law or agreed to in writ
                       ing, software 
   25 00000000         ; distributed under the License is distributed on an "AS
                        IS" BASIS, 
   26 00000000         ; WITHOUT WARRANTIES OR CONDITIONS OF ANY KIND, either e
                       xpress or implied.
   27 00000000         ; See the License for the specific language governing pe
                       rmissions and
   28 00000000         ; limitations under the License.
   29 00000000         ; 
   30 00000000         ;*******************************************************
                       ************************
   31 00000000         
   32 00000000         ; Amount of memory (in bytes) allocated for Stack
   33 00000000         ; Tailor this value to your application needs
   34 00000000         ; <h> Stack Configuration
   35 00000000         ;   <o> Stack Size (in Bytes) <0x0-0xFFFFFFFF:8>
   36 00000000         ; </h>
   37 00000000         
   38 00000000 00000400 
                       Stack_Size
                               EQU              0x00000400
   39 00000000         
   40 00000000                 AREA             STACK, NOINIT, READWRITE, ALIGN
=3



ARM Macro Assembler    Page 2 


   41 00000000         Stack_Mem
                               SPACE            Stack_Size
   42 00000400         __initial_sp
   43 00000400         
   44 00000400         
   45 00000400         ; <h> Heap Configuration
   46 00000400         ;   <o>  Heap Size (in Bytes) <0x0-0xFFFFFFFF:8>
   47 00000400         ; </h>
   48 00000400         
   49 00000400 00000200 
                       Heap_Size
                               EQU              0x00000200
   50 00000400         
   51 00000400                 AREA             HEAP, NOINIT, READWRITE, ALIGN=
3
   52 00000000         __heap_base
   53 00000000         Heap_Mem
                               SPACE            Heap_Size
   54 00000200         __heap_limit
   55 00000200         
   56 00000200                 PRESERVE8
   57 00000200                 THUMB
   58 00000200         
   59 00000200         
   60 00000200         ; Vector Table Mapped to Address 0 at Reset
   61 00000200                 AREA             RESET, DATA, READONLY
   62 00000000                 EXPORT           __Vectors
   63 00000000                 EXPORT           __Vectors_End
   64 00000000                 EXPORT           __Vectors_Size
   65 00000000         
   66 00000000 00000000 
                       __Vectors
                               DCD              __initial_sp ; Top of Stack
   67 00000004 00000000        DCD              Reset_Handler ; Reset Handler
   68 00000008 00000000        DCD              NMI_Handler ; NMI Handler
   69 0000000C 00000000        DCD              HardFault_Handler ; Hard Fault 
                                                            Handler
   70 00000010 00000000        DCD              MemManage_Handler 
                                                            ; MPU Fault Handler
                                                            
   71 00000014 00000000        DCD              BusFault_Handler 
                                                            ; Bus Fault Handler
                                                            
   72 00000018 00000000        DCD              UsageFault_Handler ; Usage Faul
                                                            t Handler
   73 0000001C 00000000        DCD              0           ; Reserved
   74 00000020 00000000        DCD              0           ; Reserved
   75 00000024 00000000        DCD              0           ; Reserved
   76 00000028 00000000        DCD              0           ; Reserved
   77 0000002C 00000000        DCD              SVC_Handler ; SVCall Handler
   78 00000030 00000000        DCD              DebugMon_Handler ; Debug Monito
                                                            r Handler
   79 00000034 00000000        DCD              0           ; Reserved
   80 00000038 00000000        DCD              PendSV_Handler ; PendSV Handler
                                                            
   81 0000003C 00000000        DCD              SysTick_Handler 
                                                            ; SysTick Handler
   82 00000040         
   83 00000040         ; External Interrupts



ARM Macro Assembler    Page 3 


   84 00000040 00000000        DCD              WWDG_IRQHandler ; Window WatchD
                                                            og                 
                                                                               
                                                                
   85 00000044 00000000        DCD              PVD_IRQHandler ; PVD through EX
                                                            TI Line detection  
                                                                               
                                                               
   86 00000048 00000000        DCD              TAMPER_STAMP_IRQHandler ; Tampe
                                                            r and TimeStamps th
                                                            rough the EXTI line
                                                                        
   87 0000004C 00000000        DCD              RTC_WKUP_IRQHandler ; RTC Wakeu
                                                            p through the EXTI 
                                                            line               
                                                                    
   88 00000050 00000000        DCD              FLASH_IRQHandler ; FLASH       
                                                                               
                                                                             
   89 00000054 00000000        DCD              RCC_IRQHandler ; RCC           
                                                                               
                                                                           
   90 00000058 00000000        DCD              EXTI0_IRQHandler ; EXTI Line0  
                                                                               
                                                                               
                                                                 
   91 0000005C 00000000        DCD              EXTI1_IRQHandler ; EXTI Line1  
                                                                               
                                                                               
                                                                 
   92 00000060 00000000        DCD              EXTI2_TS_IRQHandler ; EXTI Line
                                                            2 and Touch Sense  
                                                                               
                                                                               
                                                                 
   93 00000064 00000000        DCD              EXTI3_IRQHandler ; EXTI Line3  
                                                                               
                                                                               
                                                                 
   94 00000068 00000000        DCD              EXTI4_IRQHandler ; EXTI Line4  
                                                                               
                                                                               
                                                                 
   95 0000006C 00000000        DCD              DMA1_Channel1_IRQHandler ; DMA1
                                                             Channel 1         
                                                                               
                                                                   
   96 00000070 00000000        DCD              DMA1_Channel2_IRQHandler ; DMA1
                                                             Channel 2         
                                                                               
                                                                   
   97 00000074 00000000        DCD              DMA1_Channel3_IRQHandler ; DMA1
                                                             Channel 3         
                                                                               
                                                                   
   98 00000078 00000000        DCD              DMA1_Channel4_IRQHandler ; DMA1
                                                             Channel 4         
                                                                               
                                                                   



ARM Macro Assembler    Page 4 


   99 0000007C 00000000        DCD              DMA1_Channel5_IRQHandler ; DMA1
                                                             Channel 5         
                                                                               
                                                                   
  100 00000080 00000000        DCD              DMA1_Channel6_IRQHandler ; DMA1
                                                             Channel 6         
                                                                               
                                                                   
  101 00000084 00000000        DCD              DMA1_Channel7_IRQHandler ; DMA1
                                                             Channel 7         
                                                                               
                                                                   
  102 00000088 00000000        DCD              ADC1_2_IRQHandler ; ADC1 and AD
                                                            C2                 
                                                                       
  103 0000008C 00000000        DCD              CAN1_TX_IRQHandler ; CAN1 TX   
                                                                               
                                                                               
                                                                  
  104 00000090 00000000        DCD              CAN1_RX0_IRQHandler ; CAN1 RX0 
                                                                               
                                                                               
                                                                    
  105 00000094 00000000        DCD              CAN1_RX1_IRQHandler ; CAN1 RX1 
                                                                               
                                                                               
                                                                    
  106 00000098 00000000        DCD              CAN1_SCE_IRQHandler ; CAN1 SCE 
                                                                               
                                                                               
                                                                    
  107 0000009C 00000000        DCD              EXTI9_5_IRQHandler ; External L
                                                            ine[9:5]s          
                                                                               
                                                                   
  108 000000A0 00000000        DCD              TIM1_BRK_TIM15_IRQHandler ; TIM
                                                            1 Break and TIM15  
                                                                             
  109 000000A4 00000000        DCD              TIM1_UP_TIM16_IRQHandler ; TIM1
                                                             Update and TIM16  
                                                                           
  110 000000A8 00000000        DCD              TIM1_TRG_COM_TIM17_IRQHandler ;
                                                             TIM1 Trigger and C
                                                            ommutation and TIM1
                                                            7
  111 000000AC 00000000        DCD              TIM1_CC_IRQHandler ; TIM1 Captu
                                                            re Compare         
                                                                               
                                                                   
  112 000000B0 00000000        DCD              TIM2_IRQHandler ; TIM2         
                                                                               
                                                                            
  113 000000B4 00000000        DCD              TIM3_IRQHandler ; TIM3         
                                                                               
                                                                            
  114 000000B8 00000000        DCD              0           ; Reserved         
                                                                               
                                                                            
  115 000000BC 00000000        DCD              I2C1_EV_IRQHandler ; I2C1 Event



ARM Macro Assembler    Page 5 


                                                             and EXTI Line 23  
                                                                               
                                                                               
                                                                
  116 000000C0 00000000        DCD              I2C1_ER_IRQHandler ; I2C1 Error
                                                                               
                                                                               
                                                                   
  117 000000C4 00000000        DCD              0           ; Reserved         
                                                                               
                                                                             
  118 000000C8 00000000        DCD              0           ; Reserved         
                                                                               
                                                                               
                                                            
  119 000000CC 00000000        DCD              SPI1_IRQHandler ; SPI1         
                                                                               
                                                                            
  120 000000D0 00000000        DCD              0           ; Reserved         
                                                                               
                                                                            
  121 000000D4 00000000        DCD              USART1_IRQHandler ; USART1 and 
                                                            EXTI Line 25       
                                                                               
                                                                           
  122 000000D8 00000000        DCD              USART2_IRQHandler ; USART2 and 
                                                            EXTI Line 26       
                                                                               
                                                                           
  123 000000DC 00000000        DCD              USART3_IRQHandler ; USART3 and 
                                                            EXTI Line 28       
                                                                               
                                                                           
  124 000000E0 00000000        DCD              EXTI15_10_IRQHandler ; External
                                                             Line[15:10]s      
                                                                               
                                                                     
  125 000000E4 00000000        DCD              RTC_Alarm_IRQHandler ; RTC Alar
                                                            m (A and B) through
                                                             EXTI Line         
                                                                     
  126 000000E8 00000000        DCD              0           ; Reserved         
                                                                           
  127 000000EC 00000000        DCD              0           ; Reserved         
                                                                     
  128 000000F0 00000000        DCD              0           ; Reserved         
                                                                   
  129 000000F4 00000000        DCD              0           ; Reserved
  130 000000F8 00000000        DCD              0           ; Reserved         
                                                                               
                                                                   
  131 000000FC 00000000        DCD              0           ; Reserved         
                                                                               
                                                                           
  132 00000100 00000000        DCD              0           ; Reserved         
                                                                               
                                                                            
  133 00000104 00000000        DCD              0           ; Reserved         
                                                                               



ARM Macro Assembler    Page 6 


                                                                            
  134 00000108 00000000        DCD              0           ; Reserved         
                                                                               
                                                                            
  135 0000010C 00000000        DCD              0           ; Reserved         
                                                                               
                                                                            
  136 00000110 00000000        DCD              0           ; Reserved         
                                                                               
                                                                           
  137 00000114 00000000        DCD              0           ; Reserved         
                                                                               
                                                                          
  138 00000118 00000000        DCD              TIM6_DAC1_IRQHandler ; TIM6 and
                                                             DAC1 underrun erro
                                                            rs                 
                                                              
  139 0000011C 00000000        DCD              TIM7_DAC2_IRQHandler ; TIM7 and
                                                             DAC2 underrun erro
                                                            rs                 
                                                             
  140 00000120 00000000        DCD              0           ; Reserved         
                                                                               
                                                                   
  141 00000124 00000000        DCD              0           ; Reserved         
                                                                               
                                                                  
  142 00000128 00000000        DCD              0           ; Reserved         
                                                                               
                                                                   
  143 0000012C 00000000        DCD              0           ; Reserved         
                                                                               
                                                                  
  144 00000130 00000000        DCD              0           ; Reserved         
                                                                               
                                                                   
  145 00000134 00000000        DCD              0           ; Reserved         
                                                                               
                                                                        
  146 00000138 00000000        DCD              0           ; Reserved         
                                                                         
  147 0000013C 00000000        DCD              0           ; Reserved         
                                                                               
                                                                               
                                                            
  148 00000140 00000000        DCD              COMP2_IRQHandler ; COMP2       
                                                                               
                                                                               
                                                              
  149 00000144 00000000        DCD              COMP4_6_IRQHandler ; COMP4, COM
                                                            P6                 
                                                                               
                                                                      
  150 00000148 00000000        DCD              0           ; Reserved         
                                                                               
                                                                               
                                                            
  151 0000014C 00000000        DCD              HRTIM1_Master_IRQHandler ; HRTI
                                                            M1 master timer    



ARM Macro Assembler    Page 7 


                                                                               
                                                                           
  152 00000150 00000000        DCD              HRTIM1_TIMA_IRQHandler ; Reserv
                                                            ed                 
                                                                              
  153 00000154 00000000        DCD              HRTIM1_TIMB_IRQHandler ; Reserv
                                                            ed                 
                                                                              
  154 00000158 00000000        DCD              HRTIM1_TIMC_IRQHandler ; Reserv
                                                            ed                 
                                                                              
  155 0000015C 00000000        DCD              HRTIM1_TIMD_IRQHandler ; Reserv
                                                            ed                 
                                                                               
                                                                   
  156 00000160 00000000        DCD              HRTIM1_TIME_IRQHandler ; Reserv
                                                            ed                 
                                                                               
                                                                     
  157 00000164 00000000        DCD              HRTIM1_FLT_IRQHandler ; Reserve
                                                            d                  
                                                                               
                                                                    
  158 00000168 00000000        DCD              0           ; Reserved         
                                                                          
  159 0000016C 00000000        DCD              0           ; Reserved         
                                                                       
  160 00000170 00000000        DCD              0           ; Reserved         
                                                                            
  161 00000174 00000000        DCD              0           ; Reserved         
                                                                               
                                                                       
  162 00000178 00000000        DCD              0           ; Reserved         
                                                                               
                                                                        
  163 0000017C 00000000        DCD              0           ; Reserved         
                                                                               
                                                                      
  164 00000180 00000000        DCD              0           ; Reserved 
  165 00000184 00000000        DCD              FPU_IRQHandler ; FPU
  166 00000188         
  167 00000188         __Vectors_End
  168 00000188         
  169 00000188 00000188 
                       __Vectors_Size
                               EQU              __Vectors_End - __Vectors
  170 00000188         
  171 00000188                 AREA             |.text|, CODE, READONLY
  172 00000000         
  173 00000000         ; Reset handler
  174 00000000         Reset_Handler
                               PROC
  175 00000000                 EXPORT           Reset_Handler             [WEAK
]
  176 00000000                 IMPORT           SystemInit
  177 00000000                 IMPORT           __main
  178 00000000         
  179 00000000 4809            LDR              R0, =SystemInit
  180 00000002 4780            BLX              R0



ARM Macro Assembler    Page 8 


  181 00000004 4809            LDR              R0, =__main
  182 00000006 4700            BX               R0
  183 00000008                 ENDP
  184 00000008         
  185 00000008         ; Dummy Exception Handlers (infinite loops which can be 
                       modified)
  186 00000008         
  187 00000008         NMI_Handler
                               PROC
  188 00000008                 EXPORT           NMI_Handler                [WEA
K]
  189 00000008 E7FE            B                .
  190 0000000A                 ENDP
  192 0000000A         HardFault_Handler
                               PROC
  193 0000000A                 EXPORT           HardFault_Handler          [WEA
K]
  194 0000000A E7FE            B                .
  195 0000000C                 ENDP
  197 0000000C         MemManage_Handler
                               PROC
  198 0000000C                 EXPORT           MemManage_Handler          [WEA
K]
  199 0000000C E7FE            B                .
  200 0000000E                 ENDP
  202 0000000E         BusFault_Handler
                               PROC
  203 0000000E                 EXPORT           BusFault_Handler           [WEA
K]
  204 0000000E E7FE            B                .
  205 00000010                 ENDP
  207 00000010         UsageFault_Handler
                               PROC
  208 00000010                 EXPORT           UsageFault_Handler         [WEA
K]
  209 00000010 E7FE            B                .
  210 00000012                 ENDP
  211 00000012         SVC_Handler
                               PROC
  212 00000012                 EXPORT           SVC_Handler                [WEA
K]
  213 00000012 E7FE            B                .
  214 00000014                 ENDP
  216 00000014         DebugMon_Handler
                               PROC
  217 00000014                 EXPORT           DebugMon_Handler           [WEA
K]
  218 00000014 E7FE            B                .
  219 00000016                 ENDP
  220 00000016         PendSV_Handler
                               PROC
  221 00000016                 EXPORT           PendSV_Handler             [WEA
K]
  222 00000016 E7FE            B                .
  223 00000018                 ENDP
  224 00000018         SysTick_Handler
                               PROC
  225 00000018                 EXPORT           SysTick_Handler            [WEA
K]



ARM Macro Assembler    Page 9 


  226 00000018 E7FE            B                .
  227 0000001A                 ENDP
  228 0000001A         
  229 0000001A         Default_Handler
                               PROC
  230 0000001A         
  231 0000001A                 EXPORT           WWDG_IRQHandler                
   [WEAK]
  232 0000001A                 EXPORT           PVD_IRQHandler                 
   [WEAK]
  233 0000001A                 EXPORT           TAMPER_STAMP_IRQHandler        
   [WEAK]
  234 0000001A                 EXPORT           RTC_WKUP_IRQHandler            
   [WEAK]
  235 0000001A                 EXPORT           FLASH_IRQHandler               
   [WEAK]
  236 0000001A                 EXPORT           RCC_IRQHandler                 
   [WEAK]
  237 0000001A                 EXPORT           EXTI0_IRQHandler               
   [WEAK]
  238 0000001A                 EXPORT           EXTI1_IRQHandler               
   [WEAK]
  239 0000001A                 EXPORT           EXTI2_TS_IRQHandler            
   [WEAK]
  240 0000001A                 EXPORT           EXTI3_IRQHandler               
   [WEAK]
  241 0000001A                 EXPORT           EXTI4_IRQHandler               
   [WEAK]
  242 0000001A                 EXPORT           DMA1_Channel1_IRQHandler       
   [WEAK]
  243 0000001A                 EXPORT           DMA1_Channel2_IRQHandler       
   [WEAK]
  244 0000001A                 EXPORT           DMA1_Channel3_IRQHandler       
   [WEAK]
  245 0000001A                 EXPORT           DMA1_Channel4_IRQHandler       
   [WEAK]
  246 0000001A                 EXPORT           DMA1_Channel5_IRQHandler       
   [WEAK]
  247 0000001A                 EXPORT           DMA1_Channel6_IRQHandler       
   [WEAK]
  248 0000001A                 EXPORT           DMA1_Channel7_IRQHandler       
   [WEAK]
  249 0000001A                 EXPORT           ADC1_2_IRQHandler              
   [WEAK]
  250 0000001A                 EXPORT           CAN1_TX_IRQHandler             
   [WEAK]
  251 0000001A                 EXPORT           CAN1_RX0_IRQHandler            
   [WEAK]
  252 0000001A                 EXPORT           CAN1_RX1_IRQHandler            
   [WEAK]
  253 0000001A                 EXPORT           CAN1_SCE_IRQHandler            
   [WEAK]
  254 0000001A                 EXPORT           EXTI9_5_IRQHandler             
   [WEAK]
  255 0000001A                 EXPORT           TIM1_BRK_TIM15_IRQHandler      
   [WEAK]
  256 0000001A                 EXPORT           TIM1_UP_TIM16_IRQHandler       
   [WEAK]
  257 0000001A                 EXPORT           TIM1_TRG_COM_TIM17_IRQHandler  



ARM Macro Assembler    Page 10 


   [WEAK]
  258 0000001A                 EXPORT           TIM1_CC_IRQHandler             
   [WEAK]
  259 0000001A                 EXPORT           TIM2_IRQHandler                
   [WEAK]
  260 0000001A                 EXPORT           TIM3_IRQHandler                
   [WEAK]
  261 0000001A                 EXPORT           I2C1_EV_IRQHandler         [WEA
K]
  262 0000001A                 EXPORT           I2C1_ER_IRQHandler             
   [WEAK]
  263 0000001A                 EXPORT           SPI1_IRQHandler                
   [WEAK]
  264 0000001A                 EXPORT           USART1_IRQHandler          [WEA
K]
  265 0000001A                 EXPORT           USART2_IRQHandler          [WEA
K]
  266 0000001A                 EXPORT           USART3_IRQHandler          [WEA
K]
  267 0000001A                 EXPORT           EXTI15_10_IRQHandler           
   [WEAK]
  268 0000001A                 EXPORT           RTC_Alarm_IRQHandler           
   [WEAK]
  269 0000001A                 EXPORT           TIM6_DAC1_IRQHandler           
    [WEAK]
  270 0000001A                 EXPORT           TIM7_DAC2_IRQHandler           
    [WEAK]
  271 0000001A                 EXPORT           COMP2_IRQHandler              [
WEAK]
  272 0000001A                 EXPORT           COMP4_6_IRQHandler             
 [WEAK]
  273 0000001A                 EXPORT           HRTIM1_Master_IRQHandler       
   [WEAK]
  274 0000001A                 EXPORT           HRTIM1_TIMA_IRQHandler         
   [WEAK]
  275 0000001A                 EXPORT           HRTIM1_TIMB_IRQHandler         
   [WEAK]
  276 0000001A                 EXPORT           HRTIM1_TIMC_IRQHandler         
   [WEAK]
  277 0000001A                 EXPORT           HRTIM1_TIMD_IRQHandler         
   [WEAK]
  278 0000001A                 EXPORT           HRTIM1_TIME_IRQHandler         
   [WEAK]
  279 0000001A                 EXPORT           HRTIM1_FLT_IRQHandler          
   [WEAK]
  280 0000001A                 EXPORT           FPU_IRQHandler                 
   [WEAK]
  281 0000001A         
  282 0000001A         WWDG_IRQHandler
  283 0000001A         PVD_IRQHandler
  284 0000001A         TAMPER_STAMP_IRQHandler
  285 0000001A         RTC_WKUP_IRQHandler
  286 0000001A         FLASH_IRQHandler
  287 0000001A         RCC_IRQHandler
  288 0000001A         EXTI0_IRQHandler
  289 0000001A         EXTI1_IRQHandler
  290 0000001A         EXTI2_TS_IRQHandler
  291 0000001A         EXTI3_IRQHandler
  292 0000001A         EXTI4_IRQHandler



ARM Macro Assembler    Page 11 


  293 0000001A         DMA1_Channel1_IRQHandler
  294 0000001A         DMA1_Channel2_IRQHandler
  295 0000001A         DMA1_Channel3_IRQHandler
  296 0000001A         DMA1_Channel4_IRQHandler
  297 0000001A         DMA1_Channel5_IRQHandler
  298 0000001A         DMA1_Channel6_IRQHandler
  299 0000001A         DMA1_Channel7_IRQHandler
  300 0000001A         ADC1_2_IRQHandler
  301 0000001A         CAN1_TX_IRQHandler
  302 0000001A         CAN1_RX0_IRQHandler
  303 0000001A         CAN1_RX1_IRQHandler
  304 0000001A         CAN1_SCE_IRQHandler
  305 0000001A         EXTI9_5_IRQHandler
  306 0000001A         TIM1_BRK_TIM15_IRQHandler
  307 0000001A         TIM1_UP_TIM16_IRQHandler
  308 0000001A         TIM1_TRG_COM_TIM17_IRQHandler
  309 0000001A         TIM1_CC_IRQHandler
  310 0000001A         TIM2_IRQHandler
  311 0000001A         TIM3_IRQHandler
  312 0000001A         TIM4_IRQHandler
  313 0000001A         I2C1_EV_IRQHandler
  314 0000001A         I2C1_ER_IRQHandler
  315 0000001A         SPI1_IRQHandler
  316 0000001A         USART1_IRQHandler
  317 0000001A         USART2_IRQHandler
  318 0000001A         USART3_IRQHandler
  319 0000001A         EXTI15_10_IRQHandler
  320 0000001A         RTC_Alarm_IRQHandler
  321 0000001A         TIM6_DAC1_IRQHandler
  322 0000001A         TIM7_DAC2_IRQHandler
  323 0000001A         COMP2_IRQHandler
  324 0000001A         COMP4_6_IRQHandler
  325 0000001A         HRTIM1_Master_IRQHandler
  326 0000001A         HRTIM1_TIMA_IRQHandler
  327 0000001A         HRTIM1_TIMB_IRQHandler
  328 0000001A         HRTIM1_TIMC_IRQHandler
  329 0000001A         HRTIM1_TIMD_IRQHandler
  330 0000001A         HRTIM1_TIME_IRQHandler
  331 0000001A         HRTIM1_FLT_IRQHandler
  332 0000001A         FPU_IRQHandler
  333 0000001A         
  334 0000001A E7FE            B                .
  335 0000001C         
  336 0000001C                 ENDP
  337 0000001C         
  338 0000001C                 ALIGN
  339 0000001C         
  340 0000001C         ;*******************************************************
                       ************************
  341 0000001C         ; User Stack and Heap initialization
  342 0000001C         ;*******************************************************
                       ************************
  343 0000001C                 IF               :DEF:__MICROLIB
  350 0000001C         
  351 0000001C                 IMPORT           __use_two_region_memory
  352 0000001C                 EXPORT           __user_initial_stackheap
  353 0000001C         
  354 0000001C         __user_initial_stackheap
  355 0000001C         



ARM Macro Assembler    Page 12 


  356 0000001C 4804            LDR              R0, =  Heap_Mem
  357 0000001E 4905            LDR              R1, =(Stack_Mem + Stack_Size)
  358 00000020 4A05            LDR              R2, = (Heap_Mem +  Heap_Size)
  359 00000022 4B06            LDR              R3, = Stack_Mem
  360 00000024 4770            BX               LR
  361 00000026         
  362 00000026 00 00           ALIGN
  363 00000028         
  364 00000028                 ENDIF
  365 00000028         
  366 00000028                 END
              00000000 
              00000000 
              00000000 
              00000400 
              00000200 
              00000000 
Command Line: --debug --xref --diag_suppress=9931 --cpu=Cortex-M4.fp --apcs=int
erwork --depend=.\objects\startup_stm32f334x8.d -o.\objects\startup_stm32f334x8
.o -I.\RTE\_Target_1 -I"D:\Program Files\Keil_v5\ARM\PACK\Keil\STM32F3xx_DFP\2.
1.0\Drivers\CMSIS\Device\ST\STM32F3xx\Include" -I"D:\Program Files\Keil_v5\ARM\
CMSIS\Include" --predefine="__EVAL SETA 1" --predefine="__UVISION_VERSION SETA 
526" --predefine="_RTE_ SETA 1" --predefine="STM32F334x8 SETA 1" --list=.\listi
ngs\startup_stm32f334x8.lst CMSIS\Device\ST\STM32F30x\Source\Templates\arm\star
tup_stm32f334x8.s



ARM Macro Assembler    Page 1 Alphabetic symbol ordering
Relocatable symbols

STACK 00000000

Symbol: STACK
   Definitions
      At line 40 in file CMSIS\Device\ST\STM32F30x\Source\Templates\arm\startup
_stm32f334x8.s
   Uses
      None
Comment: STACK unused
Stack_Mem 00000000

Symbol: Stack_Mem
   Definitions
      At line 41 in file CMSIS\Device\ST\STM32F30x\Source\Templates\arm\startup
_stm32f334x8.s
   Uses
      At line 357 in file CMSIS\Device\ST\STM32F30x\Source\Templates\arm\startu
p_stm32f334x8.s
      At line 359 in file CMSIS\Device\ST\STM32F30x\Source\Templates\arm\startu
p_stm32f334x8.s

__initial_sp 00000400

Symbol: __initial_sp
   Definitions
      At line 42 in file CMSIS\Device\ST\STM32F30x\Source\Templates\arm\startup
_stm32f334x8.s
   Uses
      At line 66 in file CMSIS\Device\ST\STM32F30x\Source\Templates\arm\startup
_stm32f334x8.s
Comment: __initial_sp used once
3 symbols



ARM Macro Assembler    Page 1 Alphabetic symbol ordering
Relocatable symbols

HEAP 00000000

Symbol: HEAP
   Definitions
      At line 51 in file CMSIS\Device\ST\STM32F30x\Source\Templates\arm\startup
_stm32f334x8.s
   Uses
      None
Comment: HEAP unused
Heap_Mem 00000000

Symbol: Heap_Mem
   Definitions
      At line 53 in file CMSIS\Device\ST\STM32F30x\Source\Templates\arm\startup
_stm32f334x8.s
   Uses
      At line 356 in file CMSIS\Device\ST\STM32F30x\Source\Templates\arm\startu
p_stm32f334x8.s
      At line 358 in file CMSIS\Device\ST\STM32F30x\Source\Templates\arm\startu
p_stm32f334x8.s

__heap_base 00000000

Symbol: __heap_base
   Definitions
      At line 52 in file CMSIS\Device\ST\STM32F30x\Source\Templates\arm\startup
_stm32f334x8.s
   Uses
      None
Comment: __heap_base unused
__heap_limit 00000200

Symbol: __heap_limit
   Definitions
      At line 54 in file CMSIS\Device\ST\STM32F30x\Source\Templates\arm\startup
_stm32f334x8.s
   Uses
      None
Comment: __heap_limit unused
4 symbols



ARM Macro Assembler    Page 1 Alphabetic symbol ordering
Relocatable symbols

RESET 00000000

Symbol: RESET
   Definitions
      At line 61 in file CMSIS\Device\ST\STM32F30x\Source\Templates\arm\startup
_stm32f334x8.s
   Uses
      None
Comment: RESET unused
__Vectors 00000000

Symbol: __Vectors
   Definitions
      At line 66 in file CMSIS\Device\ST\STM32F30x\Source\Templates\arm\startup
_stm32f334x8.s
   Uses
      At line 62 in file CMSIS\Device\ST\STM32F30x\Source\Templates\arm\startup
_stm32f334x8.s
      At line 169 in file CMSIS\Device\ST\STM32F30x\Source\Templates\arm\startu
p_stm32f334x8.s

__Vectors_End 00000188

Symbol: __Vectors_End
   Definitions
      At line 167 in file CMSIS\Device\ST\STM32F30x\Source\Templates\arm\startu
p_stm32f334x8.s
   Uses
      At line 63 in file CMSIS\Device\ST\STM32F30x\Source\Templates\arm\startup
_stm32f334x8.s
      At line 169 in file CMSIS\Device\ST\STM32F30x\Source\Templates\arm\startu
p_stm32f334x8.s

3 symbols



ARM Macro Assembler    Page 1 Alphabetic symbol ordering
Relocatable symbols

.text 00000000

Symbol: .text
   Definitions
      At line 171 in file CMSIS\Device\ST\STM32F30x\Source\Templates\arm\startu
p_stm32f334x8.s
   Uses
      None
Comment: .text unused
ADC1_2_IRQHandler 0000001A

Symbol: ADC1_2_IRQHandler
   Definitions
      At line 300 in file CMSIS\Device\ST\STM32F30x\Source\Templates\arm\startu
p_stm32f334x8.s
   Uses
      At line 102 in file CMSIS\Device\ST\STM32F30x\Source\Templates\arm\startu
p_stm32f334x8.s
      At line 249 in file CMSIS\Device\ST\STM32F30x\Source\Templates\arm\startu
p_stm32f334x8.s

BusFault_Handler 0000000E

Symbol: BusFault_Handler
   Definitions
      At line 202 in file CMSIS\Device\ST\STM32F30x\Source\Templates\arm\startu
p_stm32f334x8.s
   Uses
      At line 71 in file CMSIS\Device\ST\STM32F30x\Source\Templates\arm\startup
_stm32f334x8.s
      At line 203 in file CMSIS\Device\ST\STM32F30x\Source\Templates\arm\startu
p_stm32f334x8.s

CAN1_RX0_IRQHandler 0000001A

Symbol: CAN1_RX0_IRQHandler
   Definitions
      At line 302 in file CMSIS\Device\ST\STM32F30x\Source\Templates\arm\startu
p_stm32f334x8.s
   Uses
      At line 104 in file CMSIS\Device\ST\STM32F30x\Source\Templates\arm\startu
p_stm32f334x8.s
      At line 251 in file CMSIS\Device\ST\STM32F30x\Source\Templates\arm\startu
p_stm32f334x8.s

CAN1_RX1_IRQHandler 0000001A

Symbol: CAN1_RX1_IRQHandler
   Definitions
      At line 303 in file CMSIS\Device\ST\STM32F30x\Source\Templates\arm\startu
p_stm32f334x8.s
   Uses
      At line 105 in file CMSIS\Device\ST\STM32F30x\Source\Templates\arm\startu
p_stm32f334x8.s
      At line 252 in file CMSIS\Device\ST\STM32F30x\Source\Templates\arm\startu
p_stm32f334x8.s

CAN1_SCE_IRQHandler 0000001A




ARM Macro Assembler    Page 2 Alphabetic symbol ordering
Relocatable symbols

Symbol: CAN1_SCE_IRQHandler
   Definitions
      At line 304 in file CMSIS\Device\ST\STM32F30x\Source\Templates\arm\startu
p_stm32f334x8.s
   Uses
      At line 106 in file CMSIS\Device\ST\STM32F30x\Source\Templates\arm\startu
p_stm32f334x8.s
      At line 253 in file CMSIS\Device\ST\STM32F30x\Source\Templates\arm\startu
p_stm32f334x8.s

CAN1_TX_IRQHandler 0000001A

Symbol: CAN1_TX_IRQHandler
   Definitions
      At line 301 in file CMSIS\Device\ST\STM32F30x\Source\Templates\arm\startu
p_stm32f334x8.s
   Uses
      At line 103 in file CMSIS\Device\ST\STM32F30x\Source\Templates\arm\startu
p_stm32f334x8.s
      At line 250 in file CMSIS\Device\ST\STM32F30x\Source\Templates\arm\startu
p_stm32f334x8.s

COMP2_IRQHandler 0000001A

Symbol: COMP2_IRQHandler
   Definitions
      At line 323 in file CMSIS\Device\ST\STM32F30x\Source\Templates\arm\startu
p_stm32f334x8.s
   Uses
      At line 148 in file CMSIS\Device\ST\STM32F30x\Source\Templates\arm\startu
p_stm32f334x8.s
      At line 271 in file CMSIS\Device\ST\STM32F30x\Source\Templates\arm\startu
p_stm32f334x8.s

COMP4_6_IRQHandler 0000001A

Symbol: COMP4_6_IRQHandler
   Definitions
      At line 324 in file CMSIS\Device\ST\STM32F30x\Source\Templates\arm\startu
p_stm32f334x8.s
   Uses
      At line 149 in file CMSIS\Device\ST\STM32F30x\Source\Templates\arm\startu
p_stm32f334x8.s
      At line 272 in file CMSIS\Device\ST\STM32F30x\Source\Templates\arm\startu
p_stm32f334x8.s

DMA1_Channel1_IRQHandler 0000001A

Symbol: DMA1_Channel1_IRQHandler
   Definitions
      At line 293 in file CMSIS\Device\ST\STM32F30x\Source\Templates\arm\startu
p_stm32f334x8.s
   Uses
      At line 95 in file CMSIS\Device\ST\STM32F30x\Source\Templates\arm\startup
_stm32f334x8.s
      At line 242 in file CMSIS\Device\ST\STM32F30x\Source\Templates\arm\startu
p_stm32f334x8.s

DMA1_Channel2_IRQHandler 0000001A



ARM Macro Assembler    Page 3 Alphabetic symbol ordering
Relocatable symbols


Symbol: DMA1_Channel2_IRQHandler
   Definitions
      At line 294 in file CMSIS\Device\ST\STM32F30x\Source\Templates\arm\startu
p_stm32f334x8.s
   Uses
      At line 96 in file CMSIS\Device\ST\STM32F30x\Source\Templates\arm\startup
_stm32f334x8.s
      At line 243 in file CMSIS\Device\ST\STM32F30x\Source\Templates\arm\startu
p_stm32f334x8.s

DMA1_Channel3_IRQHandler 0000001A

Symbol: DMA1_Channel3_IRQHandler
   Definitions
      At line 295 in file CMSIS\Device\ST\STM32F30x\Source\Templates\arm\startu
p_stm32f334x8.s
   Uses
      At line 97 in file CMSIS\Device\ST\STM32F30x\Source\Templates\arm\startup
_stm32f334x8.s
      At line 244 in file CMSIS\Device\ST\STM32F30x\Source\Templates\arm\startu
p_stm32f334x8.s

DMA1_Channel4_IRQHandler 0000001A

Symbol: DMA1_Channel4_IRQHandler
   Definitions
      At line 296 in file CMSIS\Device\ST\STM32F30x\Source\Templates\arm\startu
p_stm32f334x8.s
   Uses
      At line 98 in file CMSIS\Device\ST\STM32F30x\Source\Templates\arm\startup
_stm32f334x8.s
      At line 245 in file CMSIS\Device\ST\STM32F30x\Source\Templates\arm\startu
p_stm32f334x8.s

DMA1_Channel5_IRQHandler 0000001A

Symbol: DMA1_Channel5_IRQHandler
   Definitions
      At line 297 in file CMSIS\Device\ST\STM32F30x\Source\Templates\arm\startu
p_stm32f334x8.s
   Uses
      At line 99 in file CMSIS\Device\ST\STM32F30x\Source\Templates\arm\startup
_stm32f334x8.s
      At line 246 in file CMSIS\Device\ST\STM32F30x\Source\Templates\arm\startu
p_stm32f334x8.s

DMA1_Channel6_IRQHandler 0000001A

Symbol: DMA1_Channel6_IRQHandler
   Definitions
      At line 298 in file CMSIS\Device\ST\STM32F30x\Source\Templates\arm\startu
p_stm32f334x8.s
   Uses
      At line 100 in file CMSIS\Device\ST\STM32F30x\Source\Templates\arm\startu
p_stm32f334x8.s
      At line 247 in file CMSIS\Device\ST\STM32F30x\Source\Templates\arm\startu
p_stm32f334x8.s




ARM Macro Assembler    Page 4 Alphabetic symbol ordering
Relocatable symbols

DMA1_Channel7_IRQHandler 0000001A

Symbol: DMA1_Channel7_IRQHandler
   Definitions
      At line 299 in file CMSIS\Device\ST\STM32F30x\Source\Templates\arm\startu
p_stm32f334x8.s
   Uses
      At line 101 in file CMSIS\Device\ST\STM32F30x\Source\Templates\arm\startu
p_stm32f334x8.s
      At line 248 in file CMSIS\Device\ST\STM32F30x\Source\Templates\arm\startu
p_stm32f334x8.s

DebugMon_Handler 00000014

Symbol: DebugMon_Handler
   Definitions
      At line 216 in file CMSIS\Device\ST\STM32F30x\Source\Templates\arm\startu
p_stm32f334x8.s
   Uses
      At line 78 in file CMSIS\Device\ST\STM32F30x\Source\Templates\arm\startup
_stm32f334x8.s
      At line 217 in file CMSIS\Device\ST\STM32F30x\Source\Templates\arm\startu
p_stm32f334x8.s

Default_Handler 0000001A

Symbol: Default_Handler
   Definitions
      At line 229 in file CMSIS\Device\ST\STM32F30x\Source\Templates\arm\startu
p_stm32f334x8.s
   Uses
      None
Comment: Default_Handler unused
EXTI0_IRQHandler 0000001A

Symbol: EXTI0_IRQHandler
   Definitions
      At line 288 in file CMSIS\Device\ST\STM32F30x\Source\Templates\arm\startu
p_stm32f334x8.s
   Uses
      At line 90 in file CMSIS\Device\ST\STM32F30x\Source\Templates\arm\startup
_stm32f334x8.s
      At line 237 in file CMSIS\Device\ST\STM32F30x\Source\Templates\arm\startu
p_stm32f334x8.s

EXTI15_10_IRQHandler 0000001A

Symbol: EXTI15_10_IRQHandler
   Definitions
      At line 319 in file CMSIS\Device\ST\STM32F30x\Source\Templates\arm\startu
p_stm32f334x8.s
   Uses
      At line 124 in file CMSIS\Device\ST\STM32F30x\Source\Templates\arm\startu
p_stm32f334x8.s
      At line 267 in file CMSIS\Device\ST\STM32F30x\Source\Templates\arm\startu
p_stm32f334x8.s

EXTI1_IRQHandler 0000001A




ARM Macro Assembler    Page 5 Alphabetic symbol ordering
Relocatable symbols

Symbol: EXTI1_IRQHandler
   Definitions
      At line 289 in file CMSIS\Device\ST\STM32F30x\Source\Templates\arm\startu
p_stm32f334x8.s
   Uses
      At line 91 in file CMSIS\Device\ST\STM32F30x\Source\Templates\arm\startup
_stm32f334x8.s
      At line 238 in file CMSIS\Device\ST\STM32F30x\Source\Templates\arm\startu
p_stm32f334x8.s

EXTI2_TS_IRQHandler 0000001A

Symbol: EXTI2_TS_IRQHandler
   Definitions
      At line 290 in file CMSIS\Device\ST\STM32F30x\Source\Templates\arm\startu
p_stm32f334x8.s
   Uses
      At line 92 in file CMSIS\Device\ST\STM32F30x\Source\Templates\arm\startup
_stm32f334x8.s
      At line 239 in file CMSIS\Device\ST\STM32F30x\Source\Templates\arm\startu
p_stm32f334x8.s

EXTI3_IRQHandler 0000001A

Symbol: EXTI3_IRQHandler
   Definitions
      At line 291 in file CMSIS\Device\ST\STM32F30x\Source\Templates\arm\startu
p_stm32f334x8.s
   Uses
      At line 93 in file CMSIS\Device\ST\STM32F30x\Source\Templates\arm\startup
_stm32f334x8.s
      At line 240 in file CMSIS\Device\ST\STM32F30x\Source\Templates\arm\startu
p_stm32f334x8.s

EXTI4_IRQHandler 0000001A

Symbol: EXTI4_IRQHandler
   Definitions
      At line 292 in file CMSIS\Device\ST\STM32F30x\Source\Templates\arm\startu
p_stm32f334x8.s
   Uses
      At line 94 in file CMSIS\Device\ST\STM32F30x\Source\Templates\arm\startup
_stm32f334x8.s
      At line 241 in file CMSIS\Device\ST\STM32F30x\Source\Templates\arm\startu
p_stm32f334x8.s

EXTI9_5_IRQHandler 0000001A

Symbol: EXTI9_5_IRQHandler
   Definitions
      At line 305 in file CMSIS\Device\ST\STM32F30x\Source\Templates\arm\startu
p_stm32f334x8.s
   Uses
      At line 107 in file CMSIS\Device\ST\STM32F30x\Source\Templates\arm\startu
p_stm32f334x8.s
      At line 254 in file CMSIS\Device\ST\STM32F30x\Source\Templates\arm\startu
p_stm32f334x8.s

FLASH_IRQHandler 0000001A



ARM Macro Assembler    Page 6 Alphabetic symbol ordering
Relocatable symbols


Symbol: FLASH_IRQHandler
   Definitions
      At line 286 in file CMSIS\Device\ST\STM32F30x\Source\Templates\arm\startu
p_stm32f334x8.s
   Uses
      At line 88 in file CMSIS\Device\ST\STM32F30x\Source\Templates\arm\startup
_stm32f334x8.s
      At line 235 in file CMSIS\Device\ST\STM32F30x\Source\Templates\arm\startu
p_stm32f334x8.s

FPU_IRQHandler 0000001A

Symbol: FPU_IRQHandler
   Definitions
      At line 332 in file CMSIS\Device\ST\STM32F30x\Source\Templates\arm\startu
p_stm32f334x8.s
   Uses
      At line 165 in file CMSIS\Device\ST\STM32F30x\Source\Templates\arm\startu
p_stm32f334x8.s
      At line 280 in file CMSIS\Device\ST\STM32F30x\Source\Templates\arm\startu
p_stm32f334x8.s

HRTIM1_FLT_IRQHandler 0000001A

Symbol: HRTIM1_FLT_IRQHandler
   Definitions
      At line 331 in file CMSIS\Device\ST\STM32F30x\Source\Templates\arm\startu
p_stm32f334x8.s
   Uses
      At line 157 in file CMSIS\Device\ST\STM32F30x\Source\Templates\arm\startu
p_stm32f334x8.s
      At line 279 in file CMSIS\Device\ST\STM32F30x\Source\Templates\arm\startu
p_stm32f334x8.s

HRTIM1_Master_IRQHandler 0000001A

Symbol: HRTIM1_Master_IRQHandler
   Definitions
      At line 325 in file CMSIS\Device\ST\STM32F30x\Source\Templates\arm\startu
p_stm32f334x8.s
   Uses
      At line 151 in file CMSIS\Device\ST\STM32F30x\Source\Templates\arm\startu
p_stm32f334x8.s
      At line 273 in file CMSIS\Device\ST\STM32F30x\Source\Templates\arm\startu
p_stm32f334x8.s

HRTIM1_TIMA_IRQHandler 0000001A

Symbol: HRTIM1_TIMA_IRQHandler
   Definitions
      At line 326 in file CMSIS\Device\ST\STM32F30x\Source\Templates\arm\startu
p_stm32f334x8.s
   Uses
      At line 152 in file CMSIS\Device\ST\STM32F30x\Source\Templates\arm\startu
p_stm32f334x8.s
      At line 274 in file CMSIS\Device\ST\STM32F30x\Source\Templates\arm\startu
p_stm32f334x8.s




ARM Macro Assembler    Page 7 Alphabetic symbol ordering
Relocatable symbols

HRTIM1_TIMB_IRQHandler 0000001A

Symbol: HRTIM1_TIMB_IRQHandler
   Definitions
      At line 327 in file CMSIS\Device\ST\STM32F30x\Source\Templates\arm\startu
p_stm32f334x8.s
   Uses
      At line 153 in file CMSIS\Device\ST\STM32F30x\Source\Templates\arm\startu
p_stm32f334x8.s
      At line 275 in file CMSIS\Device\ST\STM32F30x\Source\Templates\arm\startu
p_stm32f334x8.s

HRTIM1_TIMC_IRQHandler 0000001A

Symbol: HRTIM1_TIMC_IRQHandler
   Definitions
      At line 328 in file CMSIS\Device\ST\STM32F30x\Source\Templates\arm\startu
p_stm32f334x8.s
   Uses
      At line 154 in file CMSIS\Device\ST\STM32F30x\Source\Templates\arm\startu
p_stm32f334x8.s
      At line 276 in file CMSIS\Device\ST\STM32F30x\Source\Templates\arm\startu
p_stm32f334x8.s

HRTIM1_TIMD_IRQHandler 0000001A

Symbol: HRTIM1_TIMD_IRQHandler
   Definitions
      At line 329 in file CMSIS\Device\ST\STM32F30x\Source\Templates\arm\startu
p_stm32f334x8.s
   Uses
      At line 155 in file CMSIS\Device\ST\STM32F30x\Source\Templates\arm\startu
p_stm32f334x8.s
      At line 277 in file CMSIS\Device\ST\STM32F30x\Source\Templates\arm\startu
p_stm32f334x8.s

HRTIM1_TIME_IRQHandler 0000001A

Symbol: HRTIM1_TIME_IRQHandler
   Definitions
      At line 330 in file CMSIS\Device\ST\STM32F30x\Source\Templates\arm\startu
p_stm32f334x8.s
   Uses
      At line 156 in file CMSIS\Device\ST\STM32F30x\Source\Templates\arm\startu
p_stm32f334x8.s
      At line 278 in file CMSIS\Device\ST\STM32F30x\Source\Templates\arm\startu
p_stm32f334x8.s

HardFault_Handler 0000000A

Symbol: HardFault_Handler
   Definitions
      At line 192 in file CMSIS\Device\ST\STM32F30x\Source\Templates\arm\startu
p_stm32f334x8.s
   Uses
      At line 69 in file CMSIS\Device\ST\STM32F30x\Source\Templates\arm\startup
_stm32f334x8.s
      At line 193 in file CMSIS\Device\ST\STM32F30x\Source\Templates\arm\startu
p_stm32f334x8.s



ARM Macro Assembler    Page 8 Alphabetic symbol ordering
Relocatable symbols


I2C1_ER_IRQHandler 0000001A

Symbol: I2C1_ER_IRQHandler
   Definitions
      At line 314 in file CMSIS\Device\ST\STM32F30x\Source\Templates\arm\startu
p_stm32f334x8.s
   Uses
      At line 116 in file CMSIS\Device\ST\STM32F30x\Source\Templates\arm\startu
p_stm32f334x8.s
      At line 262 in file CMSIS\Device\ST\STM32F30x\Source\Templates\arm\startu
p_stm32f334x8.s

I2C1_EV_IRQHandler 0000001A

Symbol: I2C1_EV_IRQHandler
   Definitions
      At line 313 in file CMSIS\Device\ST\STM32F30x\Source\Templates\arm\startu
p_stm32f334x8.s
   Uses
      At line 115 in file CMSIS\Device\ST\STM32F30x\Source\Templates\arm\startu
p_stm32f334x8.s
      At line 261 in file CMSIS\Device\ST\STM32F30x\Source\Templates\arm\startu
p_stm32f334x8.s

MemManage_Handler 0000000C

Symbol: MemManage_Handler
   Definitions
      At line 197 in file CMSIS\Device\ST\STM32F30x\Source\Templates\arm\startu
p_stm32f334x8.s
   Uses
      At line 70 in file CMSIS\Device\ST\STM32F30x\Source\Templates\arm\startup
_stm32f334x8.s
      At line 198 in file CMSIS\Device\ST\STM32F30x\Source\Templates\arm\startu
p_stm32f334x8.s

NMI_Handler 00000008

Symbol: NMI_Handler
   Definitions
      At line 187 in file CMSIS\Device\ST\STM32F30x\Source\Templates\arm\startu
p_stm32f334x8.s
   Uses
      At line 68 in file CMSIS\Device\ST\STM32F30x\Source\Templates\arm\startup
_stm32f334x8.s
      At line 188 in file CMSIS\Device\ST\STM32F30x\Source\Templates\arm\startu
p_stm32f334x8.s

PVD_IRQHandler 0000001A

Symbol: PVD_IRQHandler
   Definitions
      At line 283 in file CMSIS\Device\ST\STM32F30x\Source\Templates\arm\startu
p_stm32f334x8.s
   Uses
      At line 85 in file CMSIS\Device\ST\STM32F30x\Source\Templates\arm\startup
_stm32f334x8.s
      At line 232 in file CMSIS\Device\ST\STM32F30x\Source\Templates\arm\startu



ARM Macro Assembler    Page 9 Alphabetic symbol ordering
Relocatable symbols

p_stm32f334x8.s

PendSV_Handler 00000016

Symbol: PendSV_Handler
   Definitions
      At line 220 in file CMSIS\Device\ST\STM32F30x\Source\Templates\arm\startu
p_stm32f334x8.s
   Uses
      At line 80 in file CMSIS\Device\ST\STM32F30x\Source\Templates\arm\startup
_stm32f334x8.s
      At line 221 in file CMSIS\Device\ST\STM32F30x\Source\Templates\arm\startu
p_stm32f334x8.s

RCC_IRQHandler 0000001A

Symbol: RCC_IRQHandler
   Definitions
      At line 287 in file CMSIS\Device\ST\STM32F30x\Source\Templates\arm\startu
p_stm32f334x8.s
   Uses
      At line 89 in file CMSIS\Device\ST\STM32F30x\Source\Templates\arm\startup
_stm32f334x8.s
      At line 236 in file CMSIS\Device\ST\STM32F30x\Source\Templates\arm\startu
p_stm32f334x8.s

RTC_Alarm_IRQHandler 0000001A

Symbol: RTC_Alarm_IRQHandler
   Definitions
      At line 320 in file CMSIS\Device\ST\STM32F30x\Source\Templates\arm\startu
p_stm32f334x8.s
   Uses
      At line 125 in file CMSIS\Device\ST\STM32F30x\Source\Templates\arm\startu
p_stm32f334x8.s
      At line 268 in file CMSIS\Device\ST\STM32F30x\Source\Templates\arm\startu
p_stm32f334x8.s

RTC_WKUP_IRQHandler 0000001A

Symbol: RTC_WKUP_IRQHandler
   Definitions
      At line 285 in file CMSIS\Device\ST\STM32F30x\Source\Templates\arm\startu
p_stm32f334x8.s
   Uses
      At line 87 in file CMSIS\Device\ST\STM32F30x\Source\Templates\arm\startup
_stm32f334x8.s
      At line 234 in file CMSIS\Device\ST\STM32F30x\Source\Templates\arm\startu
p_stm32f334x8.s

Reset_Handler 00000000

Symbol: Reset_Handler
   Definitions
      At line 174 in file CMSIS\Device\ST\STM32F30x\Source\Templates\arm\startu
p_stm32f334x8.s
   Uses
      At line 67 in file CMSIS\Device\ST\STM32F30x\Source\Templates\arm\startup
_stm32f334x8.s



ARM Macro Assembler    Page 10 Alphabetic symbol ordering
Relocatable symbols

      At line 175 in file CMSIS\Device\ST\STM32F30x\Source\Templates\arm\startu
p_stm32f334x8.s

SPI1_IRQHandler 0000001A

Symbol: SPI1_IRQHandler
   Definitions
      At line 315 in file CMSIS\Device\ST\STM32F30x\Source\Templates\arm\startu
p_stm32f334x8.s
   Uses
      At line 119 in file CMSIS\Device\ST\STM32F30x\Source\Templates\arm\startu
p_stm32f334x8.s
      At line 263 in file CMSIS\Device\ST\STM32F30x\Source\Templates\arm\startu
p_stm32f334x8.s

SVC_Handler 00000012

Symbol: SVC_Handler
   Definitions
      At line 211 in file CMSIS\Device\ST\STM32F30x\Source\Templates\arm\startu
p_stm32f334x8.s
   Uses
      At line 77 in file CMSIS\Device\ST\STM32F30x\Source\Templates\arm\startup
_stm32f334x8.s
      At line 212 in file CMSIS\Device\ST\STM32F30x\Source\Templates\arm\startu
p_stm32f334x8.s

SysTick_Handler 00000018

Symbol: SysTick_Handler
   Definitions
      At line 224 in file CMSIS\Device\ST\STM32F30x\Source\Templates\arm\startu
p_stm32f334x8.s
   Uses
      At line 81 in file CMSIS\Device\ST\STM32F30x\Source\Templates\arm\startup
_stm32f334x8.s
      At line 225 in file CMSIS\Device\ST\STM32F30x\Source\Templates\arm\startu
p_stm32f334x8.s

TAMPER_STAMP_IRQHandler 0000001A

Symbol: TAMPER_STAMP_IRQHandler
   Definitions
      At line 284 in file CMSIS\Device\ST\STM32F30x\Source\Templates\arm\startu
p_stm32f334x8.s
   Uses
      At line 86 in file CMSIS\Device\ST\STM32F30x\Source\Templates\arm\startup
_stm32f334x8.s
      At line 233 in file CMSIS\Device\ST\STM32F30x\Source\Templates\arm\startu
p_stm32f334x8.s

TIM1_BRK_TIM15_IRQHandler 0000001A

Symbol: TIM1_BRK_TIM15_IRQHandler
   Definitions
      At line 306 in file CMSIS\Device\ST\STM32F30x\Source\Templates\arm\startu
p_stm32f334x8.s
   Uses
      At line 108 in file CMSIS\Device\ST\STM32F30x\Source\Templates\arm\startu



ARM Macro Assembler    Page 11 Alphabetic symbol ordering
Relocatable symbols

p_stm32f334x8.s
      At line 255 in file CMSIS\Device\ST\STM32F30x\Source\Templates\arm\startu
p_stm32f334x8.s

TIM1_CC_IRQHandler 0000001A

Symbol: TIM1_CC_IRQHandler
   Definitions
      At line 309 in file CMSIS\Device\ST\STM32F30x\Source\Templates\arm\startu
p_stm32f334x8.s
   Uses
      At line 111 in file CMSIS\Device\ST\STM32F30x\Source\Templates\arm\startu
p_stm32f334x8.s
      At line 258 in file CMSIS\Device\ST\STM32F30x\Source\Templates\arm\startu
p_stm32f334x8.s

TIM1_TRG_COM_TIM17_IRQHandler 0000001A

Symbol: TIM1_TRG_COM_TIM17_IRQHandler
   Definitions
      At line 308 in file CMSIS\Device\ST\STM32F30x\Source\Templates\arm\startu
p_stm32f334x8.s
   Uses
      At line 110 in file CMSIS\Device\ST\STM32F30x\Source\Templates\arm\startu
p_stm32f334x8.s
      At line 257 in file CMSIS\Device\ST\STM32F30x\Source\Templates\arm\startu
p_stm32f334x8.s

TIM1_UP_TIM16_IRQHandler 0000001A

Symbol: TIM1_UP_TIM16_IRQHandler
   Definitions
      At line 307 in file CMSIS\Device\ST\STM32F30x\Source\Templates\arm\startu
p_stm32f334x8.s
   Uses
      At line 109 in file CMSIS\Device\ST\STM32F30x\Source\Templates\arm\startu
p_stm32f334x8.s
      At line 256 in file CMSIS\Device\ST\STM32F30x\Source\Templates\arm\startu
p_stm32f334x8.s

TIM2_IRQHandler 0000001A

Symbol: TIM2_IRQHandler
   Definitions
      At line 310 in file CMSIS\Device\ST\STM32F30x\Source\Templates\arm\startu
p_stm32f334x8.s
   Uses
      At line 112 in file CMSIS\Device\ST\STM32F30x\Source\Templates\arm\startu
p_stm32f334x8.s
      At line 259 in file CMSIS\Device\ST\STM32F30x\Source\Templates\arm\startu
p_stm32f334x8.s

TIM3_IRQHandler 0000001A

Symbol: TIM3_IRQHandler
   Definitions
      At line 311 in file CMSIS\Device\ST\STM32F30x\Source\Templates\arm\startu
p_stm32f334x8.s
   Uses



ARM Macro Assembler    Page 12 Alphabetic symbol ordering
Relocatable symbols

      At line 113 in file CMSIS\Device\ST\STM32F30x\Source\Templates\arm\startu
p_stm32f334x8.s
      At line 260 in file CMSIS\Device\ST\STM32F30x\Source\Templates\arm\startu
p_stm32f334x8.s

TIM4_IRQHandler 0000001A

Symbol: TIM4_IRQHandler
   Definitions
      At line 312 in file CMSIS\Device\ST\STM32F30x\Source\Templates\arm\startu
p_stm32f334x8.s
   Uses
      None
Comment: TIM4_IRQHandler unused
TIM6_DAC1_IRQHandler 0000001A

Symbol: TIM6_DAC1_IRQHandler
   Definitions
      At line 321 in file CMSIS\Device\ST\STM32F30x\Source\Templates\arm\startu
p_stm32f334x8.s
   Uses
      At line 138 in file CMSIS\Device\ST\STM32F30x\Source\Templates\arm\startu
p_stm32f334x8.s
      At line 269 in file CMSIS\Device\ST\STM32F30x\Source\Templates\arm\startu
p_stm32f334x8.s

TIM7_DAC2_IRQHandler 0000001A

Symbol: TIM7_DAC2_IRQHandler
   Definitions
      At line 322 in file CMSIS\Device\ST\STM32F30x\Source\Templates\arm\startu
p_stm32f334x8.s
   Uses
      At line 139 in file CMSIS\Device\ST\STM32F30x\Source\Templates\arm\startu
p_stm32f334x8.s
      At line 270 in file CMSIS\Device\ST\STM32F30x\Source\Templates\arm\startu
p_stm32f334x8.s

USART1_IRQHandler 0000001A

Symbol: USART1_IRQHandler
   Definitions
      At line 316 in file CMSIS\Device\ST\STM32F30x\Source\Templates\arm\startu
p_stm32f334x8.s
   Uses
      At line 121 in file CMSIS\Device\ST\STM32F30x\Source\Templates\arm\startu
p_stm32f334x8.s
      At line 264 in file CMSIS\Device\ST\STM32F30x\Source\Templates\arm\startu
p_stm32f334x8.s

USART2_IRQHandler 0000001A

Symbol: USART2_IRQHandler
   Definitions
      At line 317 in file CMSIS\Device\ST\STM32F30x\Source\Templates\arm\startu
p_stm32f334x8.s
   Uses
      At line 122 in file CMSIS\Device\ST\STM32F30x\Source\Templates\arm\startu
p_stm32f334x8.s



ARM Macro Assembler    Page 13 Alphabetic symbol ordering
Relocatable symbols

      At line 265 in file CMSIS\Device\ST\STM32F30x\Source\Templates\arm\startu
p_stm32f334x8.s

USART3_IRQHandler 0000001A

Symbol: USART3_IRQHandler
   Definitions
      At line 318 in file CMSIS\Device\ST\STM32F30x\Source\Templates\arm\startu
p_stm32f334x8.s
   Uses
      At line 123 in file CMSIS\Device\ST\STM32F30x\Source\Templates\arm\startu
p_stm32f334x8.s
      At line 266 in file CMSIS\Device\ST\STM32F30x\Source\Templates\arm\startu
p_stm32f334x8.s

UsageFault_Handler 00000010

Symbol: UsageFault_Handler
   Definitions
      At line 207 in file CMSIS\Device\ST\STM32F30x\Source\Templates\arm\startu
p_stm32f334x8.s
   Uses
      At line 72 in file CMSIS\Device\ST\STM32F30x\Source\Templates\arm\startup
_stm32f334x8.s
      At line 208 in file CMSIS\Device\ST\STM32F30x\Source\Templates\arm\startu
p_stm32f334x8.s

WWDG_IRQHandler 0000001A

Symbol: WWDG_IRQHandler
   Definitions
      At line 282 in file CMSIS\Device\ST\STM32F30x\Source\Templates\arm\startu
p_stm32f334x8.s
   Uses
      At line 84 in file CMSIS\Device\ST\STM32F30x\Source\Templates\arm\startup
_stm32f334x8.s
      At line 231 in file CMSIS\Device\ST\STM32F30x\Source\Templates\arm\startu
p_stm32f334x8.s

__user_initial_stackheap 0000001C

Symbol: __user_initial_stackheap
   Definitions
      At line 354 in file CMSIS\Device\ST\STM32F30x\Source\Templates\arm\startu
p_stm32f334x8.s
   Uses
      At line 352 in file CMSIS\Device\ST\STM32F30x\Source\Templates\arm\startu
p_stm32f334x8.s
Comment: __user_initial_stackheap used once
64 symbols



ARM Macro Assembler    Page 1 Alphabetic symbol ordering
Absolute symbols

Heap_Size 00000200

Symbol: Heap_Size
   Definitions
      At line 49 in file CMSIS\Device\ST\STM32F30x\Source\Templates\arm\startup
_stm32f334x8.s
   Uses
      At line 53 in file CMSIS\Device\ST\STM32F30x\Source\Templates\arm\startup
_stm32f334x8.s
      At line 358 in file CMSIS\Device\ST\STM32F30x\Source\Templates\arm\startu
p_stm32f334x8.s

Stack_Size 00000400

Symbol: Stack_Size
   Definitions
      At line 38 in file CMSIS\Device\ST\STM32F30x\Source\Templates\arm\startup
_stm32f334x8.s
   Uses
      At line 41 in file CMSIS\Device\ST\STM32F30x\Source\Templates\arm\startup
_stm32f334x8.s
      At line 357 in file CMSIS\Device\ST\STM32F30x\Source\Templates\arm\startu
p_stm32f334x8.s

__Vectors_Size 00000188

Symbol: __Vectors_Size
   Definitions
      At line 169 in file CMSIS\Device\ST\STM32F30x\Source\Templates\arm\startu
p_stm32f334x8.s
   Uses
      At line 64 in file CMSIS\Device\ST\STM32F30x\Source\Templates\arm\startup
_stm32f334x8.s
Comment: __Vectors_Size used once
3 symbols



ARM Macro Assembler    Page 1 Alphabetic symbol ordering
External symbols

SystemInit 00000000

Symbol: SystemInit
   Definitions
      At line 176 in file CMSIS\Device\ST\STM32F30x\Source\Templates\arm\startu
p_stm32f334x8.s
   Uses
      At line 179 in file CMSIS\Device\ST\STM32F30x\Source\Templates\arm\startu
p_stm32f334x8.s
Comment: SystemInit used once
__main 00000000

Symbol: __main
   Definitions
      At line 177 in file CMSIS\Device\ST\STM32F30x\Source\Templates\arm\startu
p_stm32f334x8.s
   Uses
      At line 181 in file CMSIS\Device\ST\STM32F30x\Source\Templates\arm\startu
p_stm32f334x8.s
Comment: __main used once
__use_two_region_memory 00000000

Symbol: __use_two_region_memory
   Definitions
      At line 351 in file CMSIS\Device\ST\STM32F30x\Source\Templates\arm\startu
p_stm32f334x8.s
   Uses
      None
Comment: __use_two_region_memory unused
3 symbols
419 symbols in table
